-------------------------------------------------------------------------------
Test set: com.sun.blog.BlogApplicationTests
-------------------------------------------------------------------------------
Tests run: 1, Failures: 0, Errors: 1, Skipped: 0, Time elapsed: 0.005 s <<< FAILURE! - in com.sun.blog.BlogApplicationTests
com.sun.blog.BlogApplicationTests  Time elapsed: 0.004 s  <<< ERROR!
java.lang.NoClassDefFoundError: org/springframework/util/Assert
Caused by: java.lang.ClassNotFoundException: org.springframework.util.Assert

